[    0.000000] Initializing cgroup subsys cpuset
[    0.000000] Initializing cgroup subsys cpu
[    0.000000] Initializing cgroup subsys cpuacct
[    0.000000] Linux version 4.4.0-170-generic (buildd@lcy01-amd64-019) (gcc version 5.4.0 20160609 (Ubuntu 5.4.0-6ubuntu1~16.04.12) ) #199-Ubuntu SMP Thu Nov 14 01:45:04 UTC 2019 (Ubuntu 4.4.0-170.199-generic 4.4.200)
[    0.000000] Comandine: BOOT_IMAGE=/boot/vmlinuz-4.4.0-170-generic root=LABEL=cloudimg-rootfs ro console=tty1 console=ttyS0
[    0.00000] KEEL supported cpus:
[   0.000000]   Intel GenuineIntel
[   0.000000]   AMD AuthticAM
[    0.000000]   Centaur CentaurHauls
[    0.000000] x86/fpu: xstate_offset[2]:  576, xstate_sizes[2]:  256
[    0.000000] x86/fpu: Supporting XSAVE feature 0x01: 'x87 floating point registers'
[    .00000] x6/fpu: Supporting XSAVE feature 0x02: 'SSEregisters'
[   0.000000] x86/fpu: Supporting XSAVE feature 0x04: 'AVX registers'
[    0.000000] x86/fpu: Enabled xstate features 0x7, context size is 832 bytes, using 'standard' format.
[    0.000000] e820: BIOS-provided physical RAM map:
[    0.000000] BIOS-e820: [mem 0x0000000000000000-0x000000000009fbff] usable
[    0.000000] BIOS-e820: [mem 0x000000000009fc00-0x000000000009ffff] reserved
[    0.000000] BIOS-e820: [mem 0x00000000000f0000-0x00000000000fffff] reserved
[    0.000000] BIOS-e820: [mem 0x0000000000100000-0x000000003ffeffff] usable
[    0.000000] BIOS-e820: [mem 0x000000003fff0000-0x000000003fffffff] ACPI data
[    0.000000] BIOS-e820: [mem 0x00000000fec00000-0x00000000fec00fff] reserved
[    0.000000] BIOS-e820: [mem 0x00000000fee00000-0x00000000fee00fff] reserved
[    0.000000] BIOS-e820: [mem 0x00000000fffc0000-0x00000000ffffffff] reserved
[    0.000000] NX (Execute Disable) protection: active
[    0.000000] SMBIOS 2.5 present.
[    0.000000] Hypervisor detected: KVM
[    0.000000] e820: last_pfn = 0x3fff0 max_arch_pfn = 0x400000000
[    0.000000] MTRR: Disabled
[    0.000000] x86/PAT: MTRRs disabled, skipping PAT initialization too.
[    0.000000] CPU MTRRs all blank - virtualized system.
[    0.000000] x86/PAT: Configuration [0-7]: WB  WT  UC- UC  WB  WT  UC- UC  
[    0.000000] found SMP MP-table at [mem 0x0009fff0-0x0009ffff] mapped at [ffff88000009fff0]
[    0.000000] Scanning 1 areas for low memory corruption
[    0.000000] RAMDISK: [mem 0x362f4000-0x37171fff]
[    0.000000] ACPI: Early table checksum verification disabled
[    0.000000] ACPI: RSDP 0x00000000000E0000 000024 (v02 VBOX  )
[    0.000000] ACPI: XSDT 0x000000003FFF0030 00003C (v01 VBOX   VBOXXSDT 00000001 ASL  00000061)
[    0.000000] ACPI: FACP 0x000000003FFF00F0 0000F4 (v04 VBOX   VBOXFACP 00000001 ASL  00000061)
[    0.000000] ACPI: DSDT 0x000000003FFF0470 0021FF (v02 VBOX   VBOXBIOS 00000002 INTL 20100528)
[    0.000000] ACPI: FACS 0x000000003FFF0200 000040
[    0.000000] ACPI: FACS 0x000000003FFF0200 000040
[    0.000000] ACPI: APIC 0x000000003FFF0240 00005C (v02 VBOX   VBOXAPIC 00000001 ASL  00000061)
[    0.000000] ACPI: SSDT 0x000000003FFF02A0 0001CC (v01 VBOX   VBOXCPUT 00000002 INTL 20100528)
[    0.000000] No NUMA configuration found
[    0.000000] Faking a node at [mem 0x0000000000000000-0x000000003ffeffff]
[    0.000000] NODE_DATA(0) allocated [mem 0x3ffeb000-0x3ffeffff]
[    0.000000] kvm-clock: Using msrs 4b564d01 and 4b564d00
[    0.000000] kvm-clock: cpu 0, msr 0:3ffe3001, primary cpu clock
[    0.000000] kvm-clock: using sched offset of 4675154364 cycles
[    0.000000] clocksource: kvm-clock: mask: 0xffffffffffffffff max_cycles: 0x1cd42e4dffb, max_idle_ns: 881590591483 ns
[    0.000000] Zone ranges:
[    0.000000]   DMA      [mem 0x0000000000001000-0x0000000000ffffff]
[    0.000000]   DMA32    [mem 0x0000000001000000-0x000000003ffeffff]
[    0.000000]   Normal   empty
[    0.000000]   Device   empty
[    0.000000] Movable zone start for each node
[    0.000000] Early memory node ranges
[    0.000000]   node   0: [mem 0x0000000000001000-0x000000000009efff]
[    0.000000]   node   0: [mem 0x0000000000100000-0x000000003ffeffff]
[    0.000000] Initmem setup node 0 [mem 0x0000000000001000-0x000000003ffeffff]
[    0000000] ACPI: PM-Timer IO Port: 0x4008
[    0.000000] IOAPIC[0]: apic_id 2, version 32, address 0xfec00000, GSI 0-23
[   0.000000] ACPI: INT_SRC_OVR (bus 0 bus_irq 0 global_irq 2 dfl dfl)
[   0.000000] ACPI: INT_SRC_OVR (bus 0 bus_irq 9 global_irq 9 low level)
[    0.000000] Using ACPI (MADT)forSMP configuration information
[    0.000000] smpboot: Allowing 2 CPUs, 0 hotplug CPUs
[    0.000000] PM: Registered nosave memory: [mem 0x00000000-0x00000fff]
[    0.000000] PM: Registered nosave memory: [mem 0x0009f000-0x0009ffff]
[   0.000000] PM: Registered nosave memory: [mem 0x000a0000-0x000effff]
[    0.000000] PM: Registered nosave memory: [mem 0x000f0000-0x000fffff]
[    0.000000] e820: [mem 0x40000000-0xfebfffff] available for PCI devices
[    0.000000] Booting paravirtualized kernel on KVM
[    0.000000] clocksource: refined-jiffies: mask: 0xffffffff max_cycles: 0xffffffff, max_idle_ns: 7645519600211568 ns
[    0.000000] setup_percpu: NR_CPUS:512 nr_cpumask_bits:512 nr_cpu_ids:2 nr_node_ids:1
[    0.000000] PERCPU: Embedded 33 pages/cpu @ffff88003fc00000 s95448 r8192 d31528 u1048576
[    0.000000] Built 1 zonelists in Node order, mobility grouping on.  Total pages: 257912
[    0.000000] Policy zone: DMA32
[    0.000000] Kernel command line: BOOT_IMAGE=/boot/vmlinuz-4.4.0-170-generic root=LABEL=cloudimg-rootfs ro console=tty1 console=ttyS0
[    0.000000] PID hash table entries: 4096 (order: 3, 32768 bytes)
[    0.000000] Memory: 997716K/1048120K available (8626K kernel code, 1336K rwdata, 4036K rodata, 1488K init, 1288K bss, 50404K reserved, 0K cma-reserved)
[    0.000000] SLUB: HWalign=64, Order=0-3, MinObjects=0, CPUs=2, Nodes=1
[    0.000000] Kernel/User page tables isolation: enabled
[    0.000000] Hierarchical RCU implementation.
[    0.000000] 	Build-time adjustment of leaf fanout to 64.
[    0.000000] 	RCU restricting CPUs from NR_CPUS=512 to nr_cpu_ids=2.
[    0.000000] RCU: Adjusting geometry for rcu_fanout_leaf=64, nr_cpu_ids=2
[    0.000000] NR_IRQS:33024 nr_irqs:440 16
[    0.000000] Console: colour VGA+ 80x25
[    0.000000] console [tty1] enabled
[    0.000000] console [ttyS0] enabled
[    0.000000] tsc: Detected 2711.998 MHz processor
[    1.380448] Calibrating delay loop (skipped) preset value.. 5423.99 BogoMIPS (lpj=10847992)
[    1.383662] pid_max: default: 32768 minimum: 301
[    1.385332] ACPI: Core revision 20150930
[    1.388938] ACPI: 2 ACPI AML tables successfully acquired and loaded
[    1.391384] Security Framework initialized
[    1.393042] Yama: becoming mindful.
[    1.394420] AppArmor: AppArmor initialized
[    1.396237] Dentry cache hash table entries: 131072 (order: 8, 1048576 bytes)
[    1.401497] Inode-cache hash table entries: 65536 (order: 7, 524288 bytes)
[    1.403412] Mount-cache hash table entries: 2048 (order: 2, 16384 bytes)
[    1.405261] Mountpoint-cache hash table entries: 2048 (order: 2, 16384 bytes)
[    1.407869] Initializing cgroup subsys io
[    1.409386] Initializing cgroup subsys memory
[    1.410546] Initializing cgroup subsys devices
[    1.411749] Initializing cgroup subsys freezer
[    1.412997] Initializing cgroup subsys net_cls
[    1.414123] Initializing cgroup subsys perf_event
[    1.415468] Initializing cgroup subsys net_prio
[    1.416661] Initializing cgroup subsys hugetlb
[    1.417809] Initializing cgroup subsys pids
[    1.420984] mce: CPU supports 0 MCE banks
[    1.422204] Last level iTLB entries: 4KB 64, 2MB 8, 4MB 8
[    1.423770] Last level dTLB entries: 4KB 64, 2MB 0, 4MB 0, 1GB 4
[    1.425214] Spectre V1 : Mitigation: usercopy/swapgs barriers and __user pointer sanitization
[    1.427390] Spectre V2 : Mitigation: Full generic retpoline
[    1.428813] Spectre V2 : Spectre v2 / SpectreRSB mitigation: Filling RSB on context switch
[    1.431009] Speculative Store Bypass: Vulnerable
[    1.432436] MDS: Vulnerable: Clear CPU buffers attempted, no microcode
[    1.439640] Freeing SMP alternatives memory: 36K
[    1.452842] ftrace: allocating 32302 entries in 127 pages
[    1.583188] smpboot: APIC(0) Converting physical 0 to logical package 0
[    1.599105] smpboot: Max logical packages: 1
[    1.619866] x2apic enabled
[    1.637825] Switched APIC routing to physical x2apic.
[    1.656275] ..TIMER: vector=0x30 apic1=0 pin1=2 apic2=-1 pin2=-1
[    1.793258] smpboot: CPU0: Intel(R) Core(TM) i5-7200U CPU @ 2.50GHz (family: 0x6, model: 0x8e, stepping: 0x9)
[    1.856858] Performance Events: unsupported p6 CPU model 142 no PMU driver, software events only.
[    1.876825] KVM setup paravirtual spinlock
[    1.879380] x86: Booting SMP configuration:
[    1.880953] .... node  #0, CPUs:      #1
[    1.882320] kvm-clock: cpu 1, msr 0:3ffe3041, secondary cpu clock
[    1.885649] mce: CPU supports 0 MCE banks
[    1.889003] x86: Booted up 1 node, 2 CPUs
[    1.890769] smpboot: Total of 2 processors activated (10847.99 BogoMIPS)
[    1.893190] devtmpfs: initialized
[    1.903478] evm: security.selinux
[    1.939931] evm: security.SMACK64
[    1.976081] evm: security.SMACK64EXEC
[    1.996761] evm: security.SMACK64TRANSMUTE
[    2.004817] evm: security.SMACK64MMAP
[    2.025342] evm: security.ima
[    2.040345] evm: security.capability
[    2.056611] clocksource: jiffies: mask: 0xffffffff max_cycles: 0xffffffff, max_idle_ns: 7645041785100000 ns
[    2.137361] futex hash table entries: 512 (order: 3, 32768 bytes)
[    2.171466] pinctrl core: initialized pinctrl subsystem
[    2.177243] RTC time:  8:30:38, date: 01/06/20
[    2.187075] NET: Registered protocol family 16
[    2.200899] cpuidle: using governor ladder
[    2.232795] cpuidle: using governor menu
[    2.245788] PCCT header not found.
[    2.265977] ACPI: bus type PCI registered
[    2.270599] acpiphp: ACPI Hot Plug PCI Controller Driver version: 0.5
[    2.288643] PCI: Using configuration type 1 for base access
[    2.333633] ACPI: Added _OSI(Module Device)
[    2.337213] ACPI: Added _OSI(Processor Device)
[    2.342381] ACPI: Added _OSI(3.0 _SCP Extensions)
[    2.351269] ACPI: Added _OSI(Processor Aggregator Device)
[    2.372716] ACPI: Executed 1 blocks of module-level executable AML code
[    2.413029] ACPI: Interpreter enabled
[    2.416977] ACPI: (supports S0 S5)
[    2.422299] ACPI: Using IOAPIC for interrupt routing
[    2.429174] PCI: Using host bridge windows from ACPI; if necessary, use "pci=nocrs" and report a bug
[    2.459385] ACPI: PCI Root Bridge [PCI0] (domain 0000 [bus 00-ff])
[    2.466347] acpi PNP0A03:00: _OSC: OS supports [ASPM ClockPM Segments MSI]
[    2.474603] acpi PNP0A03:00: _OSC: not requesting OS control; OS requires [ExtendedConfig ASPM ClockPM MSI]
[    2.488019] acpi PNP0A03:00: fail to add MMCONFIG information, can't access extended PCI configuration space under this bridge.
[    2.505627] PCI host bridge to bus 0000:00
[    2.509554] pci_bus 0000:00: root bus resource [io  0x0000-0x0cf7 window]
[    2.515785] pci_bus 0000:00: root bus resource [io  0x0d00-0xffff window]
[    2.521209] pci_bus 0000:00: root bus resource [mem 0x000a0000-0x000bffff window]
[    2.527420] pci_bus 0000:00: root bus resource [mem 0x40000000-0xfdffffff window]
[    2.540269] pci_bus 0000:00: root bus resource [bus 00-ff]
[    2.546501] pci 0000:00:01.1: legacy IDE quirk: reg 0x10: [io  0x01f0-0x01f7]
[    2.549572] pci 0000:00:01.1: legacy IDE quirk: reg 0x14: [io  0x03f6]
[    2.552759] pci 0000:00:01.1: legacy IDE quirk: reg 0x18: [io  0x0170-0x0177]
[    2.566399] pci 0000:00:01.1: legacy IDE quirk: reg 0x1c: [io  0x0376]
[    2.633827] pci 0000:00:07.0: quirk: [io  0x4000-0x403f] claimed by PIIX4 ACPI
[    2.656479] pci 0000:00:07.0: quirk: [io  0x4100-0x410f] claimed by PIIX4 SMB
[    2.724206] ACPI: PCI Interrupt Link [LNKA] (IRQs 5 9 10 *11)
[    2.768145] ACPI: PCI Interrupt Link [LNKB] (IRQs 5 9 *10 11)
[    2.784187] ACPI: PCI Interrupt Link [LNKC] (IRQs 5 *9 10 11)
[    2.807708] ACPI: PCI Interrupt Link [LNKD] (IRQs 5 9 10 *11)
[    2.846730] ACPI: Enabled 2 GPEs in block 00 to 07
[    2.856699] vgaarb: setting as boot device: PCI:0000:00:02.0
[    2.888003] vgaarb: device added: PCI:0000:00:02.0,decodes=io+mem,owns=io+mem,locks=none
[    2.969027] vgaarb: loaded
[    2.976241] vgaarb: bridge control possible 0000:00:02.0
[    2.993109] SCSI subsystem initialized
[    3.011897] ACPI: bus type USB registered
[    3.030207] usbcore: registered new interface driver usbfs
[    3.055856] usbcore: registered new interface driver hub
[    3.066075] usbcore: registered new device driver usb
[    3.075739] PCI: Using ACPI for IRQ routing
[    3.096108] NetLabel: Initializing
[    3.105372] NetLabel:  domain hash size = 128
[    3.142591] NetLabel:  protocols = UNLABELED CIPSOv4
[    3.170249] NetLabel:  unlabeled traffic allowed by default
[    3.172684] amd_nb: Cannot enumerate AMD northbridges
[    3.210059] clocksource: Switched to clocksource kvm-clock
[   3.250832] AppArmor: AppArmor Filesystem Enabled
[  3219]np: P PIni
[  3592]pnp: PnP ACPI: found 3 devices
[    4.278571] clocksource: acpi_pm: mask: 0xffffff max_cycles: 0xffffff, max_idle_ns: 2085701024 ns
[    4.304291] NET: Registered protocol family 2
[    4.317997] TCP established hash table entries: 8192 (order: 4, 65536 bytes)
[    4.327181] TCP bind hash table entries: 8192 (order: 5, 131072 bytes)
[    4.329404] TCP: Hash tables configured (established 8192 bind 8192)
[    4.337864] UDP hash table entries: 512 (order: 2, 16384 bytes)
[    4.360919] UDP-Lite hash table entries: 512 (order: 2, 16384 bytes)
[    4.378611] NET: Registered protocol family 1
[    4.406287] pci 0000:00:00.0: Limiting direct PCI/PCI transfers
[    4.429160] pci 0000:00:01.0: Activating ISA DMA hang workarounds
[    4.439556] Unpacking initramfs...
[    4.861156] Freeing initrd memory: 14840K
[    4.868325] clocksource: tsc: mask: 0xffffffffffffffff max_cycles: 0x27178451938, max_idle_ns: 440795251172 ns
[    4.909041] platform rtc_cmos: registered platform RTC device (no PNP device found)
[    4.929092] Scanning for low memory corruption every 60 seconds
[    4.951111] audit: initializing netlink subsys (disabled)
[    4.955265] audit: type=2000 audit(1578299445.008:1): initialized
[    4.962999] Initialise system trusted keyring
[    4.980579] HugeTLB registered 2 MB page size, pre-allocated 0 pages
[    4.993614] zbud: loaded
[    5.002327] VFS: Disk quotas dquot_6.6.0
[    5.023077] VFS: Dquot-cache hash table entries: 512 (order 0, 4096 bytes)
[    5.044608] squashfs: version 4.0 (2009/01/31) Phillip Lougher
[    5.047140] fuse init (API version 7.23)
[    5.055071] Key type big_key registered
[    5.063840] Allocating IMA MOK and blacklist keyrings.
[    5.075398] Key type asymmetric registered
[    5.076619] Asymmetric key parser 'x509' registered
[    5.077958] Block layer SCSI generic (bsg) driver version 0.4 loaded (major 249)
[    5.080106] io scheduler noop registered
[    5.081246] io scheduler deadline registered (default)
[    5.082776] io scheduler cfq registered
[    5.084058] pci_hotplug: PCI Hot Plug PCI Core version: 0.5
[    5.085466] pciehp: PCI Express Hot Plug Controller Driver version: 0.4
[    5.087269] ACPI: AC Adapter [AC] (off-line)
[    5.088454] input: Power Button as /devices/LNXSYSTM:00/LNXPWRBN:00/input/input0
[    5.090524] ACPI: Power Button [PWRF]
[    5.091616] input: Sleep Button as /devices/LNXSYSTM:00/LNXSLPBN:00/input/input1
[    5.093762] ACPI: Sleep Button [SLPF]
[    5.097697] ACPI: Battery Slot [BAT0] (battery present)
[    5.099646] GHES: HEST is not enabled!
[    5.100871] Serial: 8250/16550 driver, 32 ports, IRQ sharing enabled
[    5.127897] 00:02: ttyS0 at I/O 0x3f8 (irq = 4, base_baud = 115200) is a 16550A
[  560414] Lin agart interface v0.103

[    5.489215] loop: module loaded
[    5.529278] scsi host0: ata_piix
[    5.531296] scsi host1: ata_piix
[    5.542490] ata1: PATA max UDMA/33 cmd 0x1f0 ctl 0x3f6 bmdma 0xd000 irq 14
[    5.565096] ata2: PATA max UDMA/33 cmd 0x170 ctl 0x376 bmdma 0xd008 irq 15
[    5.592140] libphy: Fixed MDIO Bus: probed
[    5.594295] tun: Universal TUN/TAP device driver, 1.6
[    5.609174] tun: (C) 1999-2004 Max Krasnyansky <maxk@qualcomm.com>
[    5.631823] PPP generic driver version 2.4.2
[    5.733484] ehci_hcd: USB 2.0 'Enhanced' Host Controller (EHCI) Driver
[    5.801590] ehci-pci: EHCI PCI platform driver
[    5.803460] ehci-platform: EHCI generic platform driver
[    5.805461] ohci_hcd: USB 1.1 'Open' Host Controller (OHCI) Driver
[    5.807669] ohci-pci: OHCI PCI platform driver
[    5.809331] ohci-platform: OHCI generic platform driver
[    5.811388] uhci_hcd: USB Universal Host Controller Interface driver
[    5.813806] i8042: PNP: PS/2 Controller [PNP0303:PS2K,PNP0f03:PS2M] at 0x60,0x64 irq 1,12
[    5.825320] serio: i8042 KBD port at 0x60,0x64 irq 1
[    5.826942] serio: i8042 AUX port at 0x60,0x64 irq 12
[    5.828373] mousedev: PS/2 mouse device common for all mice
[    5.830381] rtc_cmos rtc_cmos: rtc core: registered rtc_cmos as rtc0
[    5.832421] input: AT Translated Set 2 keyboard as /devices/platform/i8042/serio0/input/input2
[    5.843017] rtc_cmos rtc_cmos: alarms up to one day, 114 bytes nvram
[    5.844910] i2c /dev entries driver
[    5.846420] device-mapper: uevent: version 1.0.3
[    5.848360] device-mapper: ioctl: 4.34.0-ioctl (2015-10-28) initialised: dm-devel@redhat.com
[    5.858916] ledtrig-cpu: registered to indicate activity on CPUs
[    5.875979] NET: Registered protocol family 10
[    5.889813] NET: Registered protocol family 17
[    5.891424] Key type dns_resolver registered
[    5.906815] registered taskstats version 1
[    5.932075] Loading compiled-in X.509 certificates
[    5.951189] Loaded X.509 cert 'Build time autogenerated kernel key: f0e56e97f406068ace47a9bf54316e9855aaaa43'
[    5.971670] zswap: loaded using pool lzo/zbud
[    6.001190] Key type trusted registered
[    6.016986] Key type encrypted registered
[    6.026987] AppArmor: AppArmor sha1 policy hashing enabled
[    6.035128] ima: No TPM chip found, activating TPM-bypass!
[    6.037176] ima: Allocated hash algorithm: sha1
[    6.045745] evm: HMAC attrs: 0x1
[    6.047931]   Magic number: 4:742:522
[    6.049573] rtc_cmos rtc_cmos: setting system clock to 2020-01-06 08:30:42 UTC (1578299442)
[    6.059755] BIOS EDD facility v0.16 2004-Jun-25, 0 devices found
[    6.068338] EDD information not available.
[    6.089779] Freeing unused kernel memory: 1488K
[    6.106671] Write protecting the kernel read-only data: 14336k
[    6.139275] Freeing unused kernel memory: 1604K
[    6.150215] Freeing unused kernel memory: 60K
Loading, please wait...
starting version[    6.174349] random: systemd-udevd: uninitialized urandom read (16 bytes read, 5 bits of entropy available)
 229
[    6.175364] random: udevadm: uninitialized urandom read (16 bytes read, 5 bits of entropy available)
[    6.175388] random: udevadm: uninitialized urandom read (16 bytes read, 5 bits of entropy available)
[    6.188293] random: udevadm: uninitialized urandom read (16 bytes read, 5 bits of entropy available)
[    6.188358] random: udevadm: uninitialized urandom read (16 bytes read, 5 bits of entropy available)
[    6.188519] random: udevadm: uninitialized urandom read (16 bytes read, 5 bits of entropy available)
[    6.188575] random: udevadm: uninitialized urandom read (16 bytes read, 5 bits of entropy available)
[    6.188631] random: udevadm: uninitialized urandom read (16 bytes read, 5 bits of entropy available)
[    6.188686] random: udevadm: uninitialized urandom read (16 bytes read, 5 bits of entropy available)
[    6.188738] random: udevadm: uninitialized urandom read (16 bytes read, 5 bits of entropy available)
[    6.261812] e1000: Intel(R) PRO/1000 Network Driver - version 7.3.21-k8-NAPI
[    6.270998] e1000: Copyright (c) 1999-2006 Intel Corporation.
[    6.281002] Fusion MPT base driver 3.04.20
[    6.282547] Copyright (c) 1999-2008 LSI Corporation
[    6.290360] Fusion MPT SPI Host driver 3.04.20
[    6.328866] AVX2 version of gcm_enc/dec engaged.
[    6.358771] AES CTR mode by8 optimization enabled
[    6.493328] input: ImExPS/2 Generic Explorer Mouse as /devices/platform/i8042/serio1/input/input4
[    6.773888] e1000 0000:00:03.0 eth0: (PCI:33MHz:32-bit) 02:4f:25:6a:cc:77
[    6.776181] e1000 0000:00:03.0 eth0: Intel(R) PRO/1000 Network Connection
[    6.805865] mptbase: ioc0: Initiating bringup
[    6.875175] ioc0: LSI53C1030 A0: Capabilities={Initiator}
[    7.057468] scsi host2: ioc0: LSI53C1030 A0, FwRev=00000000h, Ports=1, MaxQ=256, IRQ=20
[    7.183746] scsi 2:0:0:0: Direct-Access     VBOX     HARDDISK         1.0  PQ: 0 ANSI: 5
[    7.219645] scsi target2:0:0: Beginning Domain Validation
[    7.229892] scsi target2:0:0: Domain Validation skipping write tests
[    7.246983] scsi target2:0:0: Ending Domain Validation
[    7.250851] scsi target2:0:0: asynchronous
[    7.270438] scsi 2:0:1:0: Direct-Access     VBOX     HARDDISK         1.0  PQ: 0 ANSI: 5
[    7.279293] scsi target2:0:1: Beginning Domain Validation
[    7.283023] scsi target2:0:1: Domain Validation skipping write tests
[    7.285229] scsi target2:0:1: Ending Domain Validation
[    7.287271] scsi target2:0:1: asynchronous
[    7.299370] sd 2:0:0:0: Attached scsi generic sg0 type 0
[    7.331800] sd 2:0:0:0: [sda] 20971520 512-byte logical blocks: (10.7 GB/10.0 GiB)
[    7.340996] sd 2:0:0:0: [sda] Write Protect is off
[    7.343868] sd 2:0:0:0: [sda] Incomplete mode parameter data
[    7.356633] sd 2:0:0:0: [sda] Assuming drive cache: write through
[    7.359203] sd 2:0:1:0: Attached scsi generic sg1 type 0
[    7.366442] sd 2:0:1:0: [sdb] 20480 512-byte logical blocks: (10.5 MB/10.0 MiB)
[    7.369225] sd 2:0:1:0: [sdb] Write Protect is off
[    7.371421] sd 2:0:1:0: [sdb] Incomplete mode parameter data
[    7.383865] sd 2:0:1:0: [sdb] Assuming drive cache: write through
[    7.412781]  sda: sda1
[    7.415437] sd 2:0:0:0: [sda] Attached SCSI disk
[    7.439514] sd 2:0:1:0: [sdb] Attached SCSI disk
[    7.671661] e1000 0000:00:08.0 eth1: (PCI:33MHz:32-bit) 08:00:27:f1:81:f5
[    7.686854] e1000 0000:00:08.0 eth1: Intel(R) PRO/1000 Network Connection
[    7.733655] e1000 0000:00:03.0 enp0s3: renamed from eth0
[    7.759715] e1000 0000:00:08.0 enp0s8: renamed from eth1
Begin: Loading essential drivers[    9.710774] md: linear personality registered for level -1
 ... [    9.748743] md: multipath personality registered for level -4
[    9.799518] md: raid0 personality registered for level 0
[    9.808198] md: raid1 personality registered for level 1
[    9.902336] raid6: sse2x1   gen()  4929 MB/s
[    9.978075] raid6: sse2x1   xor()  3107 MB/s
[   10.058162] raid6: sse2x2   gen()  7242 MB/s
[   10.158932] raid6: sse2x2   xor()  3843 MB/s
[   10.270618] raid6: sse2x4   gen()  8364 MB/s
[   10.359446] raid6: sse2x4   xor()  5977 MB/s
[   10.434597] raid6: avx2x1   gen()  9154 MB/s
[   10.518533] raid6: avx2x2   gen() 11977 MB/s
[   10.590282] raid6: avx2x4   gen() 19419 MB/s
[   10.598038] raid6: using algorithm avx2x4 gen() 19419 MB/s
[   10.639422] raid6: using avx2x2 recovery algorithm
[   10.657232] xor: automatically using best checksumming function:
[   10.734078]    avx       : 13599.000 MB/sec
[   10.754674] async_tx: api initialized (async)
[   10.777644] md: raid6 personality registered for level 6
[   10.779822] md: raid5 personality registered for level 5
[   10.820043] md: raid4 personality registered for level 4
[   10.865815] md: raid10 personality registered for level 10
done.
Begin: Running /scripts/init-premount ... done.
Begin: Mounting root file system ... Begin: Running /scripts/local-top ... done.
Begin: Running /scripts/local-premount ... [   10.979416] Btrfs loaded
Scanning for Btrfs filesystems
done.
Warning: fsck not present, so skipping root file system
[   11.072705] EXT4-fs (sda1): mounted filesystem with ordered data mode. Opts: (null)
done.
Begin: Running /scripts/local-bottom ... done.
Begin: Running /scripts/init-bottom ... done.
[   11.400566] systemd[1]: systemd 229 running in system mode. (+PAM +AUDIT +SELINUX +IMA +APPARMOR +SMACK +SYSVINIT +UTMP +LIBCRYPTSETUP +GCRYPT +GNUTLS +ACL +XZ -LZ4 +SECCOMP +BLKID +ELFUTILS +KMOD -IDN)
[   11.420144] systemd[1]: Detected virtualization oracle.
[   11.430188] systemd[1]: Detected architecture x86-64.

Welcome to [1mUbuntu 16.04.6 LTS[0m!

[   11.442539] systemd[1]: Set hostname to <ubuntu>.
[   11.470764] systemd[1]: Initializing machine ID from random generator.
[   11.480094] systemd[1]: Installed transient /etc/machine-id file.
[   11.737991] systemd[1]: Listening on udev Control Socket.
[[0;32m  OK  [0m] Listening on udev Control Socket.
[   11.747545] systemd[1]: Listening on udev Kernel Socket.
[[0;32m  OK  [0m] Listening on udev Kernel Socket.
[   11.754679] systemd[1]: Reached target User and Group Name Lookups.
[[0;32m  OK  [0m] Reached target User and Group Name Lookups.
[   11.793380] systemd[1]: Reached target Encrypted Volumes.
[[0;32m  OK  [0m] Reached target Encrypted Volumes.
[   11.859487] systemd[1]: Created slice User and Session Slice.
[[0;32m  OK  [0m] Created slice User and Session Slice.
[   11.907074] systemd[1]: Listening on LVM2 metadata daemon socket.
[[0;32m  OK  [0m] Listening on LVM2 metadata daemon socket.
[   11.963575] systemd[1]: Listening on LVM2 poll daemon socket.
[[0;32m  OK  [0m] Listening on LVM2 poll daemon socket.
[   12.008958] systemd[1]: Started Forward Password Requests to Wall Directory Watch.
[[0;32m  OK  [0m] Started Forward Password Requests to Wall Directory Watch.
[   12.045309] systemd[1]: Set up automount Arbitrary Executable File Formats File System Automount Point.
[[0;32m  OK  [0m] Set up automount Arbitrary Executab...ats File System Automount Point.
[   12.103830] systemd[1]: Listening on Syslog Socket.
[[0;32m  OK  [0m] Listening on Syslog Socket.
[   12.133371] systemd[1]: Listening on Journal Socket (/dev/log).
[[0;32m  OK  [0m] Listening on Journal Socket (/dev/log).
[   12.160548] systemd[1]: Created slice System Slice.
[[0;32m  OK  [0m] Created slice System Slice.
[   12.197082] systemd[1]: Created slice system-serial\x2dgetty.slice.
[[0;32m  OK  [0m] Created slice system-serial\x2dgetty.slice.
[   12.226860] systemd[1]: Reached target Slices.
[[0;32m  OK  [0m] Reached target Slices.
[   12.255470] systemd[1]: Reached target System Time Synchronized.
[[0;32m  OK  [0m] Reached target System Time Synchronized.
[   12.299847] systemd[1]: Listening on Journal Audit Socket.
[[0;32m  OK  [0m] Listening on Journal Audit Socket.
[   12.327164] systemd[1]: Listening on Device-mapper event daemon FIFOs.
[[0;32m  OK  [0m] Listening on Device-mapper event daemon FIFOs.
[   12.383472] systemd[1]: Started Trigger resolvconf update for networkd DNS.
[[0;32m  OK  [0m] Started Trigger resolvconf update for networkd DNS.
[   12.435329] systemd[1]: Listening on /dev/initctl Compatibility Named Pipe.
[[0;32m  OK  [0m] Listening on /dev/initctl Compatibility Named Pipe.
[   12.471249] systemd[1]: Reached target Swap.
[[0;32m  OK  [0m] Reached target Swap.
[   12.503515] systemd[1]: Listening on Journal Socket.
[[0;32m  OK  [0m] Listening on Journal Socket.
[   12.551030] systemd[1]: Starting Journal Service...
[   12.557289] random: nonblocking pool is initialized
         Starting Journal Service...
[   12.589795] systemd[1]: Starting Remount Root and Kernel File Systems...
         Starting Remount Root and Kernel File Systems...
[   12.627229] systemd[1]: Mounting Huge Pages File System...
         Mounting Huge Pages File System...
[   12.645178] systemd[1]: Mounting Debug File System...
         Mounting Debug File System...
[   12.653080] EXT4-fs (sda1): re-mounted. Opts: (null)
[   12.654723] systemd[1]: Starting Set console keymap...
         Starting Set console keymap...
[   12.668038] systemd[1]: Starting Create list of required static device nodes for the current kernel...
         Starting Create list of required st... nodes for the current kernel...
[   12.751371] systemd[1]: Starting Uncomplicated firewall...
         Starting Uncomplicated firewall...
[   12.758124] systemd[1]: Starting Monitoring of LVM2 mirrors, snapshots etc. using dmeventd or progress polling...
         Starting Monitoring of LVM2 mirrors... dmeventd or progress polling...
[   12.798596] systemd[1]: Mounting POSIX Message Queue File System...
         Mounting POSIX Message Queue File System...
[   12.808196] systemd[1]: Starting Load Kernel Modules...
         Starting Load Kernel Modules...
[   12.816374] systemd[1]: Starting Nameserver information manager...
         Starting Nameserver information [   12.835812] Loading iSCSI transport class v2.0-870.
manager...
[   12.875806] systemd[1]: Mounted Debug File System.
[[0;32m  OK  [0m] Mounted Debug File System.
[   12.887547] systemd[1]: Mounted Huge Pages File System.
[[0;32m  OK  [0m] Mounted Huge Pages File System.
[   12.893806] systemd[1]: Mounted POSIX Message Queue File System.
[   12.893924] iscsi: registered transport (tcp)
[[0;32m  OK  [0m] Mounted POSIX Message Queue File System.
[   12.902590] systemd[1]: Started Journal Service.
[[0;32m  OK  [0m] Started Journal Service.
[[0;32m  OK  [0m] Started Remount Root and Kernel File Systems.
[[0;32m  OK  [0m] Started Set console keymap.
[[0;32m  OK  [0m] Started Create l[   12.964933] iscsi: registered transport (iser)
ist of required sta...ce nodes for the current kernel.
[[0;32m  OK  [0m] Started Uncomplicated firewall.
[[0;32m  OK  [0m] Started Load Kernel Modules.
[[0;32m  OK  [0m] Started Nameserver information manager.
[[0;32m  OK  [0m] Started LVM2 metadata daemon.
         Starting Apply Kernel Variables...
         Mounting FUSE Control File System...
         Starting Create Static Device Nodes in /dev...
         Starting Load/Save Random Seed...
         Starting udev Coldplug all Devices...
         Starting Flush Journal to Persistent Storage...
[[0;32m  OK  [0m] Mounted FUSE Control File System.
[[0;32m  OK  [0m] Started Apply Kernel Variables.
[[0;32m  OK  [0m] Started Create Static Device Nodes in /dev.
[[0;32m  OK  [0m] Started Load/Save Random Seed.
[[0;32m  OK  [0m] Started Monitoring of LVM2 mirrors,...ng dmeventd or progress polling.
[[0;32m  OK  [0m] Started udev Coldplug all Devices.
[[0;32m  OK  [0m] Started Flush Journal to Persistent Storage.
[[0;32m  OK  [0m] Reached target Local File Systems (Pre).
[[0;32m  OK  [0m] Reached target Local File Systems.
         Starting Initial cloud-init job (pre-networking)...
         Starting Create Volatile Files and Directories...
         Starting Tell Plymouth To Write Out Runtime Data...
         Starting Set console font and keymap...
         Starting Commit a transient machine-id on disk...
         Starting LSB: AppArmor initialization...
         Starting udev Kernel Device Manager...
[[0;32m  OK  [0m] Started Create Volatile Files and Directories.
[[0;32m  OK  [0m] Started Tell Plymouth To Write Out Runtime Data.
[[0;32m  OK  [0m] Started Commit a transient machine-id on disk.
[[0;32m  OK  [0m] Started udev Kernel Device Manager.
[[0;32m  OK  [0m] Started Dispatch Password Requests to Console Directory Watch.
         Starting Update UTMP about System Boot/Shutdown...
[[0;32m  OK  [0m] Started Update UTMP about System Boot/Shutdown.
[[0;32m  OK  [0m] Found device /dev/ttyS0.
[[0;32m  OK  [0m] Listening on Load/Save RF Kill Switch Status /dev/rfkill Watch.
[   14.374236] cloud-init[471]: Cloud-init v. 19.2-36-g059d049c-0ubuntu2~16.04.1 running 'init-local' at Mon, 06 Jan 2020 08:30:52 +0000. Up 13.28 seconds.
[[0;32m  OK  [0m] Started Initial cloud-init job (pre-networking).
[[0;32m  OK  [0m] Reached target Network (Pre).
[[0;32m  OK  [0m] Started Set console font and keymap.
[[0;32m  OK  [0m] Created slice system-getty.slice.
[[0;32m  OK  [0m] Started LSB: AppArmor initialization.
         Starting Raise network interfaces...
[[0;32m  OK  [0m] Started Raise network interfaces.
[[0;32m  OK  [0m] Reached target Network.
         Starting Initial cloud-init job (metadata service crawler)...
[   18.624563] cloud-init[965]: Cloud-init v. 19.2-36-g059d049c-0ubuntu2~16.04.1 running 'init' at Mon, 06 Jan 2020 08:30:56 +0000. Up 17.17 seconds.
[   18.629885] cloud-init[965]: ci-info: ++++++++++++++++++++++++++++++++++++++Net device info+++++++++++++++++++++++++++++++++++++++
[   18.716885] [[0;32m  OK  [0m] Started Initial cloud-init job (metadata service crawler).
[cloud-init[0;32m  OK  [0m[965]: ] ci-info: +--------+-------+----------------------------+---------------+--------+-------------------+Reached target Cloud-config availability.

[   18.795118] [[0;32m  OK  [0m] Reached target Network is Online.
cloud-init[965]: ci-info: | Device |   Up  |          Address           |      Mask     | Scope  |     Hw-Address    |
[   18.831460]          Starting iSCSI initiator daemon (iscsid)...
[[0;32m  OK  [0m] Reached target System Initialization.
cloud-init[965]: ci-info: +--------+-------+----------------------------+---------------+--------+-------------------+
[   18.872984] cloud-init[965]: ci-info: | enp0s3 |  True |         10.0.2.15          | 255.255.255.0 | global | 02:4f:25:6a:cc:77 |
[   18.873367] cloud-init[965]: ci-info: | enp0s3 |  True | fe80::4f:25ff:fe6a:cc77/64 |       .       |  link  | 02:4f:25:6a:cc:77 |
[   18.875951] cloud-init[965]: ci-info: | enp0s8 | False |             .              |       .       |   .    | 08:00:27:f1:81:f5 |
[[0;32m  OK  [0m] Listening on ACPID Listen Socket.
[[0;32m  OK  [0m] Started Daily apt download activities.
[[0;32m  OK  [0m] Listening on UUID daemon activation socket.
[   18.876196] cloud-init[965]: ci-info: |   lo   |  True |         127.0.0.1          |   255.0.0.0   |  host  |         .         |
[   19.133080] cloud-init[965]: ci-info: |   lo   |  True |          ::1/128           |       .       |  host  |         .         |
[[0;32m  OK  [0m] Started ACPI Events Check.
[   19.179743] cloud-init[965]: ci-info: +--------+-------+----------------------------+---------------+--------+-------------------+
[   19.192763] cloud-init[965]: ci-info: +++++++++++++++++++++++++++Route IPv4 info++++++++++++++++++++++++++++
[   19.193880] cloud-init[965]: ci-info: +-------+-------------+----------+---------------+-----------+-------+
[   19.194055] cloud-init[965]: ci-info: | Route | Destination | Gateway  |    Genmask    | Interface | Flags |
[   19.194214] cloud-init[965]: ci-info: +-------+-------------+----------+---------------+-----------+-------+
[   19.194471] cloud-init[965]: ci-info: |   0   |   0.0.0.0   | 10.0.2.2 |    0.0.0.0    |   enp0s3  |   UG  |
[   19.194643] cloud-init[965]: ci-info: |   1   |   10.0.2.0  | 0.0.0.0  | 255.255.255.0 |   enp0s3  |   U   |
[   19.194805] cloud-init[965]: ci-info: +-------+-------------+----------+---------------+-----------+-------+
[   19.194970] cloud-init[965]: ci-info: +++++++++++++++++++Route IPv6 info+++++++++++++++++++
[   19.195124] cloud-init[965]: ci-info: +-------+-------------+---------+-----------+-------+
[   19.195450] cloud-init[965]: ci-info: | Route | Destination | Gateway | Interface | Flags |
[   19.195699] cloud-init[965]: ci-info: +-------+-------------+---------+-----------+-------+
[   19.195880] cloud-init[965]: ci-info: |   0   |  fe80::/64  |    ::   |   enp0s3  |   U   |
[[0;32m  OK  [0m] Reached target Paths.
[   19.197277] cloud-init[965]: ci-info: |   3   |   ff00::/8  |    ::   |   enp0s3  |   U   |
[   19.513227] cloud-init[965]: ci-info: +-------+-------------+---------+-----------+-------+
[   19.514642] [[0;32m  OK  [0m] Started Message of the Day.
         Starting Socket activation for snappy daemon.
[[0;32m  OK  [0m] Started Daily Cleanup of Temporary Directories.
[[0;32m  OK  [0m] Started Daily apt upgrade and clean activities.
[[0;32m  OK  [0m] Listening on D-Bus System Message Bus Socket.
cloud-init[965]: Generating public/private rsa key pair.
[[0;32m  OK  [0m] Reached target Timers.
[   19.582448] cloud-init[965]: Your identification has been saved in /etc/ssh/ssh_host_rsa_key.
[   19.600666] cloud-init[965]: Your public key has been saved in /etc/ssh/ssh_host_rsa_key.pub.
         Starting LXD - unix socket.
[   19.607877] cloud-init[965]: The key fingerprint is:
[   19.617589] cloud-init[965]: SHA256:36gtmIhbyKnUplLEmn0TwSKmMOrJyz7HloQCc459Bwc root@ubuntu-xenial
[   19.633274] cloud-init[965]: The key's randomart image is:
[   19.636907] cloud-init[965]: +---[RSA 2048]----+
[[0;32m  OK  [0m] Listening on Socket activation for snappy daemon.
[[0;32m  OK  [0m] Listening on LXD - unix socket.
[   19.640042] cloud-init[965]: |   .             |
[   19.673448] cloud-init[965]: |+.. E            |
[   19.704613] cloud-init[965]: |=+ . o           |
[   19.706607] cloud-init[965]: |= + o .          |
[   19.708675] cloud-init[965]: |+@o  +  S        |
[[0;32m  OK  [0m] Started iSCSI initiator daemon (iscsid).
[   19.713268] cloud-init[965]: |=**++ .  . o     |
[   19.718355] cloud-init[965]: |ooB*o+ o  o .    |
[   19.720126] cloud-init[965]: |o=+*. o .o       |
[   19.724400] cloud-init[965]: |+o=.    ...      |
[   19.753166] cloud-init[965]: +----[SHA256]-----+
[   19.761076] cloud-init[965]: Generating public/private dsa key pair.
[   19.764335]          Starting Login to default iSCSI targets...
[[0;32m  OK  [0m] Reached target Sockets.
[[0;32m  OK  [0m] Reached target Basic System.
cloud-init[965]: Your identification has been saved in /etc/ssh/ssh_host_dsa_key.
[   19.775489] cloud-init[965]: Your public key has been saved in /etc/ssh/ssh_host_dsa_key.pub.
[   19.779016] cloud-init[965]: The key fingerprint is:
[   19.781585] cloud-init[965]: SHA256:8J/YZ9SMANgdOj6O2Qc5BWDTa+HZAQSG7BtWecEEr3Y root@ubuntu-xenial[[0;32m  OK  [0m] Started Regular background program processing daemon.

         Starting System Logging Service...
[   19.792881]          Starting /etc/rc.local Compatibility...
cloud-init[[0;32m  OK  [0m] Started ACPI event daemon.
         Starting LXD - container startup/shutdown...
         Starting Virtualbox guest utils...
         Starting Login Service...
[[0;32m  OK  [0m] Started D-Bus System Message Bus.
[965]: The key's randomart image is:
[   19.816944] cloud-init[965]: +---[DSA 1024]----+
[   19.845828] cloud-init[965]: |   . .B%B+..     |
[   19.847846] cloud-init[965]: |    oo+o*+o      |
[   19.849711] cloud-init[965]: |   . ..o+=o.     |
[   19.857882] cloud-init[965]: |    +  ==+.. +   |
[   19.861637] cloud-init[965]: |   . oo.E   o o  |
[   19.872374] cloud-init[965]: |    .. * B o     |
[   19.874870] cloud-init[965]: |      o + = o    |
[   19.892619] cloud-init[965]: |         . o     |
[   19.893168] cloud-init[965]: |                 |
[   19.893482] cloud-init[965]: +----[SHA256]-----+
[   19.893813] cloud-init[965]: Generating public/private ecdsa key pair.
[   19.894135] cloud-init[965]: Your identification has been saved in /etc/ssh/ssh_host_ecdsa_key.
[   19.894488] cloud-init[965]: Your public key has been saved in /etc/ssh/ssh_host_ecdsa_key.pub.
[   19.894802] cloud-init[965]: The key fingerprint is:
[   19.895138] cloud-init[965]: SHA256:9gGgvqyGpQm1YKxdb/lmm/9BPt8VHbJnBvakp19RjHk root@ubuntu-xenial
[   19.895490] cloud-init[965]: The key's randomart image is:
[   19.896584] cloud-init[965]: +---[ECDSA 256]---+
         Starting LSB: MD monitoring daemon...
[   19.897498] cloud-init[965]: |      .          |
[   19.913806] cloud-init[965]: |     . .       + |
[   19.916062] cloud-init[965]: |.   .   .    +ooE|
[   19.925226] cloud-init[965]: |.o...    .  . B.+|
[   19.927672] cloud-init[965]: |o+ o.. .S . .o O.|
[   19.933562] cloud-init[965]: |o +. .+. . +  * o|
[   19.943111] cloud-init[965]: |.=  o. .  . +.  o|
[   19.943554] cloud-init[965]: |+ ..    +.   +..o|
[   19.943880] cloud-init[965]: | ..    ooo... ...|
[   19.944436] cloud-init[965]: +----[SHA256]-----+
[   19.944714] cloud-init[965]: Generating public/private ed25519 key pair.
[   19.945002] cloud-init[965]: Your identification has been saved in /etc/ssh/ssh_host_ed25519_key.
[   19.945670] cloud-init[965]: Your public key has been saved in /etc/ssh/ssh_host_ed25519_key.pub.
[   19.945956] cloud-init[965]: The key fingerprint is:
[   19.946283] cloud-init[965]: SHA256:Ljj5xansJl7YauF0NjYk5HJGKArcHnAvGTnpVKSKz/c root@ubuntu-xenial
[   19.946559] cloud-init[965]: The key's randomart image is:
[   19.946817] cloud-init[965]: +--[ED25519 256]--+
[   19.947111] cloud-init[965]: |..o+=o           |
[   19.947380] cloud-init[965]: |o.oBB            |
         Starting LSB: Record successful boot for GRUB...
[   19.948803] cloud-init[965]: |o.+Bo.           |
[   19.987879] cloud-init[965]: |o oo* .          |
[   19.990068] cloud-init[965]: |.. + o  S        |
[   19.992164] cloud-init[965]: | o  o=*o .       |
[   19.993876] cloud-init[965]: |  oo*=+o=        |
[   19.995673] cloud-init[965]: |   .+B.+         |
[   19.997357] cloud-init[965]: |   oo+E          |
[   19.999347] cloud-init[965]: +----[SHA256]-----+
[[0;32m  OK  [0m] Started Deferred execution scheduler.
         Starting Snappy daemon...
         Starting Pollinate to seed the pseudo random number generator...
[[0;32m  OK  [0m] Started FUSE filesystem for LXC.
         Starting Accounts Service...
[[0;32m  OK  [0m] Started System Logging Service.
[[0;32m  OK  [0m] Started /etc/rc.local Compatibility.
[[0;32m  OK  [0m] Started LXD - container startup/shutdown.
[[0;32m  OK  [0m] Started Login to default iSCSI targets.
[[0;32m  OK  [0m] Started LSB: Record successful boot for GRUB.
[[0;32m  OK  [0m] Started LSB: MD monitoring daemon.
[[0;32m  OK  [0m] Started Login Service.
[[0;32m  OK  [0m] Started Unattended Upgrades Shutdown.
         Starting Authenticate and Authorize Users to Run Privileged Tasks...
[[0;32m  OK  [0m] Reached target Remote File Systems (Pre).
[[0;32m  OK  [0m] Reached target Remote File Systems.
         Starting LSB: automatic crash report generation...
         Starting LSB: daemon to balance interrupts for SMP systems...
         Starting Permit User Sessions...
         Starting LSB: Set the CPU Frequency Scaling governor to "ondemand"...
[[0;32m  OK  [0m] Started Snappy daemon.
[[0;32m  OK  [0m] Started Virtualbox guest utils.
[[0;32m  OK  [0m] Started Permit User Sessions.
[[0;32m  OK  [0m] Started Authenticate and Authorize Users to Run Privileged Tasks.
[[0;32m  OK  [0m] Started Accounts Service.
         Starting Terminate Plymouth Boot Screen...
         Starting Hold until boot process finishes up...
         Starting Wait until snapd is fully seeded...
[[0;32m  OK  [0m] Started LSB: automatic crash report generation.
[[0;32m  OK  [0m] Started LSB: daemon to balance interrupts for SMP systems.
[[0;32m  OK  [0m] Started LSB: Set the CPU Frequency Scaling governor to "ondemand".
[[0;32m  OK  [0m] Started Pollinate to seed the pseudo random number generator.
[[0;32m  OK  [0m] Started Terminate Plymouth Boot Screen.
[[0;32m  OK  [0m] Started Hold until boot process finishes up.
         Starting Set console scheme...
[[0;32m  OK  [0m] Started Serial Getty on ttyS0.
[[0;32m  OK  [0m] Started Getty on tty1.
[[0;32m  OK  [0m] Reached target Login Prompts.
         Starting OpenBSD Secure Shell server...
[[0;32m  OK  [0m] Started Set console scheme.
[[0;32m  OK  [0m] Started OpenBSD Secure Shell server.
[[0;32m  OK  [0m] Created slice User Slice of vagrant.
         Starting User Manager for UID 1000...
[[0;32m  OK  [0m] Started Session 1 of user vagrant.
[[0;32m  OK  [0m] Started User Manager for UID 1000.
[[0;32m  OK  [0m] Started Wait until snapd is fully seeded.
[[0;32m  OK  [0m] Reached target Multi-User System.
[[0;32m  OK  [0m] Reached target Graphical Interface.
         Starting Update UTMP about System Runlevel Changes...
         Starting Apply the settings specified in cloud-config...
[[0;32m  OK  [0m] Started Update UTMP about System Runlevel Changes.
[   22.986822] cloud-init[1392]: Generating locales (this might take a while)...
[   24.752446] cloud-init[1392]:   en_US.UTF-8... done
[   24.754696] cloud-init[1392]: Generation complete.
[   25.332538] cloud-init[1392]: Cloud-init v. 19.2-36-g059d049c-0ubuntu2~16.04.1 running 'modules:config' at Mon, 06 Jan 2020 08:31:01 +0000. Up 22.65 seconds.
[[0;32m  OK  [0m] Started Apply the settings specified in cloud-config.
         Starting Execute cloud user/final scripts...
ci-info: no authorized ssh keys fingerprints found for user ubuntu.
<14>Jan  6 08:31:05 ec2: 
<14>Jan  6 08:31:05 ec2: #############################################################
<14>Jan  6 08:31:05 ec2: -----BEGIN SSH HOST KEY FINGERPRINTS-----
<14>Jan  6 08:31:05 ec2: 1024 SHA256:8J/YZ9SMANgdOj6O2Qc5BWDTa+HZAQSG7BtWecEEr3Y root@ubuntu-xenial (DSA)
<14>Jan  6 08:31:05 ec2: 256 SHA256:9gGgvqyGpQm1YKxdb/lmm/9BPt8VHbJnBvakp19RjHk root@ubuntu-xenial (ECDSA)
<14>Jan  6 08:31:05 ec2: 256 SHA256:Ljj5xansJl7YauF0NjYk5HJGKArcHnAvGTnpVKSKz/c root@ubuntu-xenial (ED25519)
<14>Jan  6 08:31:05 ec2: 2048 SHA256:36gtmIhbyKnUplLEmn0TwSKmMOrJyz7HloQCc459Bwc root@ubuntu-xenial (RSA)
<14>Jan  6 08:31:05 ec2: -----END SSH HOST KEY FINGERPRINTS-----
<14>Jan  6 08:31:05 ec2: #############################################################
-----BEGIN SSH HOST KEY KEYS-----
ecdsa-sha2-nistp256 AAAAE2VjZHNhLXNoYTItbmlzdHAyNTYAAAAIbmlzdHAyNTYAAABBBP6+AA1jJBvASLUYPzu2xg9hUE5XjWJNq7AVgailS+ltwMVuUc3nhTacorT0AGoqLuQZg/Xs2mUYgN/4uHjDvnE= root@ubuntu-xenial
ssh-ed25519 AAAAC3NzaC1lZDI1NTE5AAAAIPsf6Ql+h8xLvg4+/HQYH3QnbbwNteLw5SI8fegMRkRi root@ubuntu-xenial
ssh-rsa AAAAB3NzaC1yc2EAAAADAQABAAABAQDMYdPUebatiVzZctWN8p+TgDx6H+Heq3x4HgGQvRXWUMz5tgf2hGOFk1+S/t/NtRcPMkfeS+ttD9WkhZHWvmUIEoEAlXE9eLhjqPtlYoE7CylLPxVOBxvfRGTpJ0P/T1n1A5j4juck/23uWjR7Q7baf2tF7TmAnBeA4d2YVHJgHmXDZKgLIk2s5yMNiaLZgiDcK3F3Mjk0cFmLlRL6B/ShyLDATh8dlFQWMiJimvZDqpoOs/sJsqLVfz4NjOBCAxA1AnKLswOvlGGLRebXZMxqsOME48Z/d5MWuwLDXxKD2qqgkjPbbCrOdCKiydK1E4ykC6l8xxFie9Ox53bHQG3R root@ubuntu-xenial
-----END SSH HOST KEY KEYS-----
[   26.425668] cloud-init[1563]: Cloud-init v. 19.2-36-g059d049c-0ubuntu2~16.04.1 running 'modules:final' at Mon, 06 Jan 2020 08:31:04 +0000. Up 26.00 seconds.
[   26.426063] cloud-init[1563]: ci-info: no authorized ssh keys fingerprints found for user ubuntu.
[   26.426388] cloud-init[1563]: Cloud-init v. 19.2-36-g059d049c-0ubuntu2~16.04.1 finished at Mon, 06 Jan 2020 08:31:05 +0000. Datasource DataSourceNoCloud [seed=/dev/sdb][dsmode=net].  Up 26.37 seconds

Ubuntu 16.04.6 LTS ubuntu-xenial ttyS0

ubuntu-xenial login: 